<?xml version="1.0" encoding="utf-8"?><testsuites name="pytest tests"><testsuite name="pytest" errors="0" failures="0" skipped="0" tests="10" time="1.460" timestamp="2026-03-13T16:25:29.751436+00:00" hostname="agent-env-f88b1844-59bc-43b7-97fb-ff34d7049bf3"><testcase classname="backend.tests.test_account_ledger.TestAuth" name="test_login_success" time="0.226" /><testcase classname="backend.tests.test_account_ledger.TestLedgerModule" name="test_ledger_accounts_endpoint" time="0.138" /><testcase classname="backend.tests.test_account_ledger.TestAccountLedger" name="test_account_ledger_endpoint" time="0.259" /><testcase classname="backend.tests.test_account_ledger.TestAccountLedger" name="test_ledger_entries_have_required_columns" time="0.000" /><testcase classname="backend.tests.test_account_ledger.TestAccountLedger" name="test_running_balance_calculation" time="0.000" /><testcase classname="backend.tests.test_account_ledger.TestTestCreditCustomer" name="test_find_test_credit_customer" time="0.169" /><testcase classname="backend.tests.test_account_ledger.TestTestCreditCustomer" name="test_test_credit_customer_ledger_entries" time="0.242" /><testcase classname="backend.tests.test_account_ledger.TestTestCreditCustomer" name="test_running_balance_sequence" time="0.131" /><testcase classname="backend.tests.test_account_ledger.TestIndianFYDateRange" name="test_fy_date_range_calculation" time="0.000" /><testcase classname="backend.tests.test_account_ledger.TestRefreshAndNavigation" name="test_account_ledger_refresh" time="0.232" /></testsuite></testsuites>