<?xml version="1.0" encoding="utf-8"?><testsuites name="pytest tests"><testsuite name="pytest" errors="0" failures="2" skipped="0" tests="16" time="4.624" timestamp="2026-03-16T12:38:44.653006+00:00" hostname="agent-env-14c11f34-5fe3-44a2-9b00-eba999c0e12a"><testcase classname="tests.test_bug_fixes_iteration24.TestAuth" name="test_login_success" time="0.385" /><testcase classname="tests.test_bug_fixes_iteration24.TestOrderCreationBugFix" name="test_order_creation_no_crash" time="0.409" /><testcase classname="tests.test_bug_fixes_iteration24.TestOrderCreationBugFix" name="test_order_with_matching_customer_returns_linkSuggestion" time="0.334" /><testcase classname="tests.test_bug_fixes_iteration24.TestOrderCreationBugFix" name="test_order_with_explicit_customerId_no_linkSuggestion" time="0.137"><failure message="AssertionError: Order creation failed: {&quot;status&quot;:400,&quot;message&quot;:&quot;\&quot;customerId\&quot; is not allowed&quot;}&#10;assert 400 == 200&#10; +  where 400 = &lt;Response [400]&gt;.status_code">tests/test_bug_fixes_iteration24.py:165: in test_order_with_explicit_customerId_no_linkSuggestion
    assert response.status_code == 200, f"Order creation failed: {response.text}"
E   AssertionError: Order creation failed: {"status":400,"message":"\"customerId\" is not allowed"}
E   assert 400 == 200
E    +  where 400 = &lt;Response [400]&gt;.status_code</failure></testcase><testcase classname="tests.test_bug_fixes_iteration24.TestOrderCreationBugFix" name="test_order_with_new_customer_creates_customer" time="0.174" /><testcase classname="tests.test_bug_fixes_iteration24.TestPaymentStatusToggleBugFix" name="test_toggle_to_paid_no_crash" time="0.577" /><testcase classname="tests.test_bug_fixes_iteration24.TestPaymentStatusToggleBugFix" name="test_toggle_to_unpaid_no_crash" time="0.164" /><testcase classname="tests.test_bug_fixes_iteration24.TestAuditTrailWithNewEnums" name="test_audit_trail_shows_order_payment_status_action" time="0.336" /><testcase classname="tests.test_bug_fixes_iteration24.TestAuditTrailWithNewEnums" name="test_audit_log_contains_before_after_values" time="0.125" /><testcase classname="tests.test_bug_fixes_iteration24.TestAuditTrailWithNewEnums" name="test_audit_summary_includes_order_payment_status" time="0.148" /><testcase classname="tests.test_bug_fixes_iteration24.TestConfirmLinkEndpoint" name="test_confirm_link_requires_customerId" time="0.634"><failure message="AssertionError: assert 'customerId' in 'customerid required'&#10; +  where 'customerid required' = &lt;built-in method lower of str object at 0xf80850e63230&gt;()&#10; +    where &lt;built-in method lower of str object at 0xf80850e63230&gt; = 'customerId required'.lower&#10; +      where 'customerId required' = &lt;built-in method get of dict object at 0xf80850b27d00&gt;('message', '')&#10; +        where &lt;built-in method get of dict object at 0xf80850b27d00&gt; = {'message': 'customerId required', 'status': 400}.get&#10; +          where {'message': 'customerId required', 'status': 400} = json()&#10; +            where json = &lt;Response [400]&gt;.json">tests/test_bug_fixes_iteration24.py:457: in test_confirm_link_requires_customerId
    assert "customerId" in response.json().get("message", "").lower()
E   AssertionError: assert 'customerId' in 'customerid required'
E    +  where 'customerid required' = &lt;built-in method lower of str object at 0xf80850e63230&gt;()
E    +    where &lt;built-in method lower of str object at 0xf80850e63230&gt; = 'customerId required'.lower
E    +      where 'customerId required' = &lt;built-in method get of dict object at 0xf80850b27d00&gt;('message', '')
E    +        where &lt;built-in method get of dict object at 0xf80850b27d00&gt; = {'message': 'customerId required', 'status': 400}.get
E    +          where {'message': 'customerId required', 'status': 400} = json()
E    +            where json = &lt;Response [400]&gt;.json</failure></testcase><testcase classname="tests.test_bug_fixes_iteration24.TestConfirmLinkEndpoint" name="test_confirm_link_success" time="0.132" /><testcase classname="tests.test_bug_fixes_iteration24.TestConfirmLinkEndpoint" name="test_confirm_link_creates_audit_log" time="0.141" /><testcase classname="tests.test_bug_fixes_iteration24.TestValidationRules" name="test_order_requires_order_items" time="0.335" /><testcase classname="tests.test_bug_fixes_iteration24.TestValidationRules" name="test_order_item_requires_name" time="0.125" /><testcase classname="tests.test_bug_fixes_iteration24.TestValidationRules" name="test_toggle_requires_changedBy" time="0.297" /></testsuite></testsuites>