<?xml version="1.0" encoding="utf-8"?><testsuites name="pytest tests"><testsuite name="pytest" errors="0" failures="0" skipped="0" tests="10" time="2.938" timestamp="2026-02-18T04:19:42.554235+00:00" hostname="agent-env-46e483f3-fdbd-40d3-bd46-a184dab8ccc7"><testcase classname="backend.tests.test_data_integrity.TestDataIntegrity" name="test_01_login_success" time="0.445" /><testcase classname="backend.tests.test_data_integrity.TestDataIntegrity" name="test_02_realtime_summary_endpoint" time="0.262" /><testcase classname="backend.tests.test_data_integrity.TestDataIntegrity" name="test_03_today_summary_endpoint" time="0.245" /><testcase classname="backend.tests.test_data_integrity.TestDataIntegrity" name="test_04_customers_with_balance" time="0.254" /><testcase classname="backend.tests.test_data_integrity.TestDataIntegrity" name="test_05_customer_transactions_endpoint" time="0.304" /><testcase classname="backend.tests.test_data_integrity.TestDataIntegrity" name="test_06_test_customer_with_test_data" time="0.239" /><testcase classname="backend.tests.test_data_integrity.TestDataIntegrity" name="test_07_orders_list_with_payment_status" time="0.260" /><testcase classname="backend.tests.test_data_integrity.TestDataIntegrity" name="test_08_verify_cash_vs_credit_sales_calculation" time="0.317" /><testcase classname="backend.tests.test_data_integrity.TestDataIntegrity" name="test_09_payments_endpoint" time="0.272" /><testcase classname="backend.tests.test_data_integrity.TestDataIntegrity" name="test_10_daily_payment_summary" time="0.269" /></testsuite></testsuites>