<?xml version="1.0" encoding="utf-8"?><testsuites name="pytest tests"><testsuite name="pytest" errors="0" failures="0" skipped="0" tests="10" time="1.050" timestamp="2026-02-18T03:37:57.222730+00:00" hostname="agent-env-46e483f3-fdbd-40d3-bd46-a184dab8ccc7"><testcase classname="tests.test_data_integrity.TestDataIntegrity" name="test_01_login_success" time="0.178" /><testcase classname="tests.test_data_integrity.TestDataIntegrity" name="test_02_realtime_summary_endpoint" time="0.090" /><testcase classname="tests.test_data_integrity.TestDataIntegrity" name="test_03_today_summary_endpoint" time="0.090" /><testcase classname="tests.test_data_integrity.TestDataIntegrity" name="test_04_customers_with_balance" time="0.086" /><testcase classname="tests.test_data_integrity.TestDataIntegrity" name="test_05_customer_transactions_endpoint" time="0.094" /><testcase classname="tests.test_data_integrity.TestDataIntegrity" name="test_06_test_customer_with_test_data" time="0.088" /><testcase classname="tests.test_data_integrity.TestDataIntegrity" name="test_07_orders_list_with_payment_status" time="0.094" /><testcase classname="tests.test_data_integrity.TestDataIntegrity" name="test_08_verify_cash_vs_credit_sales_calculation" time="0.096" /><testcase classname="tests.test_data_integrity.TestDataIntegrity" name="test_09_payments_endpoint" time="0.086" /><testcase classname="tests.test_data_integrity.TestDataIntegrity" name="test_10_daily_payment_summary" time="0.084" /></testsuite></testsuites>