<?xml version="1.0" encoding="utf-8"?><testsuites name="pytest tests"><testsuite name="pytest" errors="0" failures="0" skipped="0" tests="13" time="5.439" timestamp="2026-03-16T14:14:23.797510+00:00" hostname="agent-env-14c11f34-5fe3-44a2-9b00-eba999c0e12a"><testcase classname="backend.tests.test_double_counting_fix.TestOrderCreationPaymentMode" name="test_credit_order_paidamount_zero" time="0.563" /><testcase classname="backend.tests.test_double_counting_fix.TestOrderCreationPaymentMode" name="test_cash_order_fully_paid" time="0.105" /><testcase classname="backend.tests.test_double_counting_fix.TestOrderCreationPaymentMode" name="test_partial_order_is_credit" time="0.106" /><testcase classname="backend.tests.test_double_counting_fix.TestPaymentToggle" name="test_toggle_does_not_change_payment_mode" time="0.212" /><testcase classname="backend.tests.test_double_counting_fix.TestPaymentToggle" name="test_toggle_does_not_change_paidamount" time="0.228" /><testcase classname="backend.tests.test_double_counting_fix.TestPaymentToggle" name="test_toggle_sets_dueamount_zero" time="0.195" /><testcase classname="backend.tests.test_double_counting_fix.TestNoSyntheticPayments" name="test_toggle_does_not_create_pay_toggle_payment" time="0.837" /><testcase classname="backend.tests.test_double_counting_fix.TestRealTimeSummary" name="test_cash_sales_only_from_cash_orders" time="0.275" /><testcase classname="backend.tests.test_double_counting_fix.TestRealTimeSummary" name="test_credit_order_toggled_paid_not_in_cash_sales" time="0.944" /><testcase classname="backend.tests.test_double_counting_fix.TestCustomerReceiptsExclusion" name="test_customer_receipts_exclude_pay_toggle" time="0.092" /><testcase classname="backend.tests.test_double_counting_fix.TestDoubleCountScenario" name="test_full_double_count_scenario" time="0.943" /><testcase classname="backend.tests.test_double_counting_fix.TestBackfillMigration" name="test_existing_paid_orders_should_be_cash" time="0.084" /><testcase classname="backend.tests.test_double_counting_fix.TestAuditLogPaymentMode" name="test_toggle_audit_log_includes_payment_mode" time="0.764" /></testsuite></testsuites>