<?xml version="1.0" encoding="utf-8"?><testsuites name="pytest tests"><testsuite name="pytest" errors="0" failures="0" skipped="0" tests="16" time="4.756" timestamp="2026-02-18T04:22:45.772872+00:00" hostname="agent-env-46e483f3-fdbd-40d3-bd46-a184dab8ccc7"><testcase classname="backend.tests.test_double_counting.TestDoubleCounting" name="test_01_get_todays_orders" time="0.305" /><testcase classname="backend.tests.test_double_counting.TestDoubleCounting" name="test_02_get_realtime_summary" time="0.332" /><testcase classname="backend.tests.test_double_counting.TestDoubleCounting" name="test_03_get_payments_for_today" time="0.247" /><testcase classname="backend.tests.test_double_counting.TestDoubleCounting" name="test_04_verify_cash_sales_equals_sum_of_paid_amount" time="0.347" /><testcase classname="backend.tests.test_double_counting.TestDoubleCounting" name="test_05_verify_customer_receipts_exclude_todays_orders" time="0.404" /><testcase classname="backend.tests.test_double_counting.TestDoubleCounting" name="test_06_verify_expected_cash_formula" time="0.329" /><testcase classname="backend.tests.test_data_integrity.TestDataIntegrity" name="test_01_login_success" time="0.313" /><testcase classname="backend.tests.test_data_integrity.TestDataIntegrity" name="test_02_realtime_summary_endpoint" time="0.274" /><testcase classname="backend.tests.test_data_integrity.TestDataIntegrity" name="test_03_today_summary_endpoint" time="0.251" /><testcase classname="backend.tests.test_data_integrity.TestDataIntegrity" name="test_04_customers_with_balance" time="0.272" /><testcase classname="backend.tests.test_data_integrity.TestDataIntegrity" name="test_05_customer_transactions_endpoint" time="0.300" /><testcase classname="backend.tests.test_data_integrity.TestDataIntegrity" name="test_06_test_customer_with_test_data" time="0.237" /><testcase classname="backend.tests.test_data_integrity.TestDataIntegrity" name="test_07_orders_list_with_payment_status" time="0.248" /><testcase classname="backend.tests.test_data_integrity.TestDataIntegrity" name="test_08_verify_cash_vs_credit_sales_calculation" time="0.301" /><testcase classname="backend.tests.test_data_integrity.TestDataIntegrity" name="test_09_payments_endpoint" time="0.241" /><testcase classname="backend.tests.test_data_integrity.TestDataIntegrity" name="test_10_daily_payment_summary" time="0.285" /></testsuite></testsuites>