<?xml version="1.0" encoding="utf-8"?><testsuites name="pytest tests"><testsuite name="pytest" errors="0" failures="0" skipped="0" tests="29" time="3.435" timestamp="2026-03-15T09:21:35.113092+00:00" hostname="agent-env-baa8a4d8-86a9-45dc-af76-18356cb9cb42"><testcase classname="tests.test_forensic_classification.TestAuth" name="test_login_success" time="0.214" /><testcase classname="tests.test_forensic_classification.TestClassifyEndpoint" name="test_classify_returns_200" time="0.295" /><testcase classname="tests.test_forensic_classification.TestClassifyEndpoint" name="test_classify_has_total_orders" time="0.104" /><testcase classname="tests.test_forensic_classification.TestClassifyEndpoint" name="test_classify_has_total_needs_repair" time="0.105" /><testcase classname="tests.test_forensic_classification.TestClassifyEndpoint" name="test_classify_has_5_categories_in_summary" time="0.133" /><testcase classname="tests.test_forensic_classification.TestClassifyEndpoint" name="test_classify_category_has_count_value_repair" time="0.107" /><testcase classname="tests.test_forensic_classification.TestClassifyEndpoint" name="test_classify_has_categories_with_details" time="0.103" /><testcase classname="tests.test_forensic_classification.TestClassifyEndpoint" name="test_classify_order_has_expected_fields" time="0.107" /><testcase classname="tests.test_forensic_classification.TestClassifyEndpoint" name="test_classify_current_has_payment_fields" time="0.100" /><testcase classname="tests.test_forensic_classification.TestClassifyEndpoint" name="test_classify_expected_has_payment_fields" time="0.116" /><testcase classname="tests.test_forensic_classification.TestClassifyEndpoint" name="test_classify_evidence_has_alloc_fields" time="0.103" /><testcase classname="tests.test_forensic_classification.TestRepairPreviewEndpoint" name="test_repair_preview_returns_200" time="0.105" /><testcase classname="tests.test_forensic_classification.TestRepairPreviewEndpoint" name="test_repair_preview_has_total_repairs" time="0.108" /><testcase classname="tests.test_forensic_classification.TestRepairPreviewEndpoint" name="test_repair_preview_has_repairs_array" time="0.108" /><testcase classname="tests.test_forensic_classification.TestRepairPreviewEndpoint" name="test_repair_preview_has_summary" time="0.096" /><testcase classname="tests.test_forensic_classification.TestRepairPreviewEndpoint" name="test_repair_preview_has_by_action" time="0.105" /><testcase classname="tests.test_forensic_classification.TestRepairPreviewEndpoint" name="test_repair_preview_only_shows_needs_repair" time="0.109" /><testcase classname="tests.test_forensic_classification.TestRepairExecuteEndpoint" name="test_repair_execute_requires_changed_by" time="0.118" /><testcase classname="tests.test_forensic_classification.TestRepairExecuteEndpoint" name="test_repair_execute_rejects_empty_changed_by" time="0.093" /><testcase classname="tests.test_forensic_classification.TestRepairExecuteEndpoint" name="test_repair_execute_rejects_whitespace_changed_by" time="0.112" /><testcase classname="tests.test_forensic_classification.TestRepairExecuteEndpoint" name="test_repair_execute_with_valid_changed_by" time="0.104" /><testcase classname="tests.test_forensic_classification.TestRepairExecuteEndpoint" name="test_repair_execute_returns_validation" time="0.105" /><testcase classname="tests.test_forensic_classification.TestAuthRequired" name="test_classify_requires_auth" time="0.100" /><testcase classname="tests.test_forensic_classification.TestAuthRequired" name="test_repair_preview_requires_auth" time="0.097" /><testcase classname="tests.test_forensic_classification.TestAuthRequired" name="test_repair_execute_requires_auth" time="0.093" /><testcase classname="tests.test_forensic_classification.TestClassificationLogic" name="test_receipt_paid_has_allocations_gte_total" time="0.104" /><testcase classname="tests.test_forensic_classification.TestClassificationLogic" name="test_partial_paid_has_partial_allocations" time="0.103" /><testcase classname="tests.test_forensic_classification.TestClassificationLogic" name="test_credit_unpaid_has_no_allocations" time="0.103" /><testcase classname="tests.test_forensic_classification.TestClassificationLogic" name="test_suspicious_paid_has_no_evidence" time="0.103" /></testsuite></testsuites>