<?xml version="1.0" encoding="utf-8"?><testsuites name="pytest tests"><testsuite name="pytest" errors="0" failures="0" skipped="0" tests="15" time="3.306" timestamp="2026-03-15T08:28:43.139905+00:00" hostname="agent-env-baa8a4d8-86a9-45dc-af76-18356cb9cb42"><testcase classname="backend.tests.test_forensic_audit.TestAuth" name="test_login_success" time="0.384" /><testcase classname="backend.tests.test_forensic_audit.TestForensicScan" name="test_forensic_scan_returns_200" time="0.317" /><testcase classname="backend.tests.test_forensic_audit.TestForensicScan" name="test_forensic_scan_response_structure" time="0.131" /><testcase classname="backend.tests.test_forensic_audit.TestForensicScan" name="test_forensic_scan_summary_fields" time="0.144" /><testcase classname="backend.tests.test_forensic_audit.TestForensicScan" name="test_forensic_scan_paid_without_evidence_structure" time="0.113" /><testcase classname="backend.tests.test_forensic_audit.TestForensicScan" name="test_forensic_scan_change_attribution_structure" time="0.157" /><testcase classname="backend.tests.test_forensic_audit.TestFixSelectedOrders" name="test_fix_requires_changed_by" time="0.277" /><testcase classname="backend.tests.test_forensic_audit.TestFixSelectedOrders" name="test_fix_requires_order_ids" time="0.109" /><testcase classname="backend.tests.test_forensic_audit.TestFixSelectedOrders" name="test_fix_requires_empty_order_ids" time="0.097" /><testcase classname="backend.tests.test_forensic_audit.TestFixSelectedOrders" name="test_fix_requires_valid_action" time="0.128" /><testcase classname="backend.tests.test_forensic_audit.TestBackwardCompatibility" name="test_get_reconstruct_delegates_to_forensic_scan" time="0.421" /><testcase classname="backend.tests.test_forensic_audit.TestBackwardCompatibility" name="test_post_reconstruct_delegates_to_fix" time="0.107" /><testcase classname="backend.tests.test_forensic_audit.TestActualFix" name="test_fix_actual_order_reset_to_unpaid" time="0.513" /><testcase classname="backend.tests.test_forensic_audit.TestAuthRequired" name="test_forensic_scan_requires_auth" time="0.099" /><testcase classname="backend.tests.test_forensic_audit.TestAuthRequired" name="test_fix_requires_auth" time="0.130" /></testsuite></testsuites>