<?xml version="1.0" encoding="utf-8"?><testsuites name="pytest tests"><testsuite name="pytest" errors="0" failures="0" skipped="0" tests="9" time="0.530" timestamp="2026-01-18T19:39:47.630384+00:00" hostname="agent-env-f9c11962-177a-4744-a631-e0b66b6c7956"><testcase classname="tests.test_gst_export.TestGstExportAuthentication" name="test_gst_export_requires_auth" time="0.079" /><testcase classname="tests.test_gst_export.TestGstExportAuthentication" name="test_gst_summary_requires_auth" time="0.041" /><testcase classname="tests.test_gst_export.TestGstExportApi" name="test_gst_export_empty_orders" time="0.172" /><testcase classname="tests.test_gst_export.TestGstExportApi" name="test_gst_export_with_orders" time="0.015" /><testcase classname="tests.test_gst_export.TestGstExportApi" name="test_gst_export_original_values" time="0.012" /><testcase classname="tests.test_gst_export.TestGstExportApi" name="test_gst_summary_endpoint" time="0.015" /><testcase classname="tests.test_gst_export.TestPriceAdjustmentLogic" name="test_price_adjustment_calculation" time="0.000" /><testcase classname="tests.test_gst_export.TestPriceAdjustmentLogic" name="test_price_rule_matching" time="0.000" /><testcase classname="tests.test_gst_export.TestOrdersApiForGstExport" name="test_get_orders_for_export" time="0.021" /></testsuite></testsuites>