<?xml version="1.0" encoding="utf-8"?><testsuites name="pytest tests"><testsuite name="pytest" errors="0" failures="0" skipped="1" tests="19" time="5.780" timestamp="2026-03-13T16:09:53.190905+00:00" hostname="agent-env-f88b1844-59bc-43b7-97fb-ff34d7049bf3"><testcase classname="backend.tests.test_new_features_iteration19.TestAuth" name="test_login_with_admin_credentials" time="0.342" /><testcase classname="backend.tests.test_new_features_iteration19.TestLedgerModule" name="test_ledger_health_check" time="0.378" /><testcase classname="backend.tests.test_new_features_iteration19.TestLedgerModule" name="test_get_accounts_chart_of_accounts" time="0.349" /><testcase classname="backend.tests.test_new_features_iteration19.TestLedgerModule" name="test_trial_balance_loads" time="0.308" /><testcase classname="backend.tests.test_new_features_iteration19.TestLedgerModule" name="test_balance_sheet_loads" time="0.305" /><testcase classname="backend.tests.test_new_features_iteration19.TestLedgerModule" name="test_profit_loss_loads" time="0.315" /><testcase classname="backend.tests.test_new_features_iteration19.TestLedgerModule" name="test_journal_batches" time="0.446" /><testcase classname="backend.tests.test_new_features_iteration19.TestLedgerModule" name="test_reconciliation" time="0.381"><skipped type="pytest.skip" message="Reconciliation has schema issue (isDeleted column missing)">/app/backend/tests/test_new_features_iteration19.py:150: Reconciliation has schema issue (isDeleted column missing)</skipped></testcase><testcase classname="backend.tests.test_new_features_iteration19.TestCustomerEndpoints" name="test_customers_with_balance" time="0.373" /><testcase classname="backend.tests.test_new_features_iteration19.TestCustomerEndpoints" name="test_customer_transactions_endpoint" time="0.441" /><testcase classname="backend.tests.test_new_features_iteration19.TestReceiptAllocationWithLocks" name="test_allocate_receipt_endpoint_exists" time="0.307" /><testcase classname="backend.tests.test_new_features_iteration19.TestReceiptAllocationWithLocks" name="test_allocate_receipt_validates_changedby" time="0.320" /><testcase classname="backend.tests.test_new_features_iteration19.TestInvoiceImmutability" name="test_update_order_rejects_paidamount_change" time="0.489" /><testcase classname="backend.tests.test_new_features_iteration19.TestInvoiceImmutability" name="test_update_order_rejects_paymentstatus_change" time="0.466" /><testcase classname="backend.tests.test_new_features_iteration19.TestPaymentToggleWithLock" name="test_toggle_payment_requires_changedby" time="0.478" /><testcase classname="backend.tests.test_new_features_iteration19.TestTelegramRetryMechanism" name="test_telegram_service_code_has_retry" time="0.001" /><testcase classname="backend.tests.test_new_features_iteration19.TestForUpdateLockCode" name="test_receipt_allocation_has_for_update_lock" time="0.000" /><testcase classname="backend.tests.test_new_features_iteration19.TestForUpdateLockCode" name="test_order_controller_has_for_update_lock" time="0.000" /><testcase classname="backend.tests.test_new_features_iteration19.TestForUpdateLockCode" name="test_payment_controller_has_for_update_lock" time="0.000" /></testsuite></testsuites>