<?xml version="1.0" encoding="utf-8"?><testsuites name="pytest tests"><testsuite name="pytest" errors="0" failures="0" skipped="0" tests="17" time="3.425" timestamp="2026-02-25T17:22:31.053539+00:00" hostname="agent-env-f97636a2-5a05-4708-83b9-5af7a9636d5a"><testcase classname="tests.test_ledger_safe_verification.TestJournalBatchValidation" name="test_reject_unbalanced_entries" time="0.848" /><testcase classname="tests.test_ledger_safe_verification.TestJournalBatchValidation" name="test_reject_negative_debit" time="0.164" /><testcase classname="tests.test_ledger_safe_verification.TestJournalBatchValidation" name="test_reject_negative_credit" time="0.112" /><testcase classname="tests.test_ledger_safe_verification.TestJournalBatchValidation" name="test_reject_empty_entries" time="0.144" /><testcase classname="tests.test_ledger_safe_verification.TestJournalBatchValidation" name="test_reject_single_entry" time="0.285" /><testcase classname="tests.test_ledger_safe_verification.TestJournalBatchValidation" name="test_reject_all_zero_entries" time="0.204" /><testcase classname="tests.test_ledger_safe_verification.TestJournalBatchValidation" name="test_accept_valid_balanced_entries" time="0.171" /><testcase classname="tests.test_ledger_safe_verification.TestHealthCheckEndpoint" name="test_health_check_returns_required_fields" time="0.126" /><testcase classname="tests.test_ledger_safe_verification.TestHealthCheckEndpoint" name="test_health_check_is_balanced_when_debits_equal_credits" time="0.264" /><testcase classname="tests.test_ledger_safe_verification.TestHealthCheckEndpoint" name="test_health_check_requires_authentication" time="0.120" /><testcase classname="tests.test_ledger_safe_verification.TestDBIndexes" name="test_ledger_entries_account_id_index_exists" time="0.048" /><testcase classname="tests.test_ledger_safe_verification.TestDBIndexes" name="test_ledger_entries_batch_id_index_exists" time="0.043" /><testcase classname="tests.test_ledger_safe_verification.TestDBIndexes" name="test_journal_batches_reference_type_index_exists" time="0.042" /><testcase classname="tests.test_ledger_safe_verification.TestDBForeignKeys" name="test_ledger_entries_account_id_fk_exists" time="0.045" /><testcase classname="tests.test_ledger_safe_verification.TestDBForeignKeys" name="test_ledger_entries_batch_id_fk_exists" time="0.044" /><testcase classname="tests.test_ledger_safe_verification.TestTransactionAtomicity" name="test_failed_entry_rolls_back_batch" time="0.394" /><testcase classname="tests.test_ledger_safe_verification.TestCleanup" name="test_cleanup_test_batches" time="0.227" /></testsuite></testsuites>