<?xml version="1.0" encoding="utf-8"?><testsuites name="pytest tests"><testsuite name="pytest" errors="0" failures="0" skipped="0" tests="24" time="3.671" timestamp="2026-03-15T08:55:56.101457+00:00" hostname="agent-env-baa8a4d8-86a9-45dc-af76-18356cb9cb42"><testcase classname="backend.tests.test_payment_recovery.TestAuth" name="test_login_success" time="0.323" /><testcase classname="backend.tests.test_payment_recovery.TestRecoveryPreview" name="test_preview_returns_200" time="0.329" /><testcase classname="backend.tests.test_payment_recovery.TestRecoveryPreview" name="test_preview_has_step2_4_section" time="0.138" /><testcase classname="backend.tests.test_payment_recovery.TestRecoveryPreview" name="test_preview_has_step5_section" time="0.104" /><testcase classname="backend.tests.test_payment_recovery.TestRecoveryPreview" name="test_preview_has_backup_reminder" time="0.120" /><testcase classname="backend.tests.test_payment_recovery.TestRecoveryPreview" name="test_preview_has_total_changes" time="0.101" /><testcase classname="backend.tests.test_payment_recovery.TestRecoveryPreview" name="test_preview_cash_sale_exclusion" time="0.108" /><testcase classname="backend.tests.test_payment_recovery.TestRecoveryValidation" name="test_validate_returns_200" time="0.135" /><testcase classname="backend.tests.test_payment_recovery.TestRecoveryValidation" name="test_validate_has_4_checks" time="0.100" /><testcase classname="backend.tests.test_payment_recovery.TestRecoveryValidation" name="test_validate_check_1_no_paid_zero_amount" time="0.108" /><testcase classname="backend.tests.test_payment_recovery.TestRecoveryValidation" name="test_validate_check_2_no_negative_due" time="0.103" /><testcase classname="backend.tests.test_payment_recovery.TestRecoveryValidation" name="test_validate_check_3_sum_equals_total" time="0.112" /><testcase classname="backend.tests.test_payment_recovery.TestRecoveryValidation" name="test_validate_check_4_status_matches_amounts" time="0.115" /><testcase classname="backend.tests.test_payment_recovery.TestRecoveryValidation" name="test_validate_has_all_passed_flag" time="0.111" /><testcase classname="backend.tests.test_payment_recovery.TestRecoveryExecute" name="test_execute_requires_changed_by" time="0.103" /><testcase classname="backend.tests.test_payment_recovery.TestRecoveryExecute" name="test_execute_rejects_empty_changed_by" time="0.141" /><testcase classname="backend.tests.test_payment_recovery.TestTogglePaymentStatus" name="test_toggle_requires_changed_by" time="0.099" /><testcase classname="backend.tests.test_payment_recovery.TestTogglePaymentStatus" name="test_toggle_requires_customer_name_for_unpaid" time="0.101" /><testcase classname="backend.tests.test_payment_recovery.TestTogglePaymentStatus" name="test_toggle_validates_status_value" time="0.098" /><testcase classname="backend.tests.test_payment_recovery.TestToggleCreatesPaymentAllocation" name="test_toggle_unpaid_to_paid_creates_payment" time="0.347" /><testcase classname="backend.tests.test_payment_recovery.TestToggleCreatesPaymentAllocation" name="test_toggle_paid_to_unpaid_reverses" time="0.339" /><testcase classname="backend.tests.test_payment_recovery.TestAuthRequired" name="test_preview_requires_auth" time="0.109" /><testcase classname="backend.tests.test_payment_recovery.TestAuthRequired" name="test_execute_requires_auth" time="0.097" /><testcase classname="backend.tests.test_payment_recovery.TestAuthRequired" name="test_validate_requires_auth" time="0.093" /></testsuite></testsuites>