<?xml version="1.0" encoding="utf-8"?><testsuites name="pytest tests"><testsuite name="pytest" errors="0" failures="4" skipped="0" tests="9" time="1.455" timestamp="2026-01-17T17:55:18.660463+00:00" hostname="agent-env-60f659d3-0a4e-4fe5-a7e5-2d3e9da80fa9"><testcase classname="tests.test_orders_api.TestOrdersAPI" name="test_list_orders_returns_200" time="0.206" /><testcase classname="tests.test_orders_api.TestOrdersAPI" name="test_list_orders_returns_array_of_orders" time="0.138" /><testcase classname="tests.test_orders_api.TestOrdersAPI" name="test_create_order_returns_200" time="0.133"><failure message="AssertionError: Expected 200, got 400: {&quot;status&quot;:400,&quot;message&quot;:&quot;\&quot;productId\&quot; is required&quot;}&#10;assert 400 == 200&#10; +  where 400 = &lt;Response [400]&gt;.status_code">tests/test_orders_api.py:91: in test_create_order_returns_200
    assert response.status_code == 200, f"Expected 200, got {response.status_code}: {response.text}"
E   AssertionError: Expected 200, got 400: {"status":400,"message":"\"productId\" is required"}
E   assert 400 == 200
E    +  where 400 = &lt;Response [400]&gt;.status_code</failure></testcase><testcase classname="tests.test_orders_api.TestOrdersAPI" name="test_created_order_appears_in_list" time="0.133"><failure message="AssertionError: Create failed: {&quot;status&quot;:400,&quot;message&quot;:&quot;\&quot;productId\&quot; is required&quot;}&#10;assert 400 == 200&#10; +  where 400 = &lt;Response [400]&gt;.status_code">tests/test_orders_api.py:133: in test_created_order_appears_in_list
    assert create_response.status_code == 200, f"Create failed: {create_response.text}"
E   AssertionError: Create failed: {"status":400,"message":"\"productId\" is required"}
E   assert 400 == 200
E    +  where 400 = &lt;Response [400]&gt;.status_code</failure></testcase><testcase classname="tests.test_orders_api.TestOrdersAPI" name="test_get_single_order" time="0.141" /><testcase classname="tests.test_orders_api.TestOrdersAPI" name="test_orders_sorted_by_created_date_desc" time="0.134" /><testcase classname="tests.test_orders_api.TestOrdersAPI" name="test_orders_pagination" time="0.147" /><testcase classname="tests.test_orders_api.TestOrdersAPI" name="test_orders_search_filter" time="0.128"><failure message="assert 400 == 200&#10; +  where 400 = &lt;Response [400]&gt;.status_code">tests/test_orders_api.py:249: in test_orders_search_filter
    assert create_response.status_code == 200
E   assert 400 == 200
E    +  where 400 = &lt;Response [400]&gt;.status_code</failure></testcase><testcase classname="tests.test_orders_api.TestOrdersReduxIntegration" name="test_create_order_and_immediate_list_refresh" time="0.140"><failure message="assert 400 == 200&#10; +  where 400 = &lt;Response [400]&gt;.status_code">tests/test_orders_api.py:315: in test_create_order_and_immediate_list_refresh
    assert create_response.status_code == 200
E   assert 400 == 200
E    +  where 400 = &lt;Response [400]&gt;.status_code</failure></testcase></testsuite></testsuites>