<?xml version="1.0" encoding="utf-8"?><testsuites name="pytest tests"><testsuite name="pytest" errors="0" failures="1" skipped="0" tests="9" time="1.476" timestamp="2026-01-17T17:56:34.584093+00:00" hostname="agent-env-60f659d3-0a4e-4fe5-a7e5-2d3e9da80fa9"><testcase classname="tests.test_orders_api.TestOrdersAPI" name="test_list_orders_returns_200" time="0.147" /><testcase classname="tests.test_orders_api.TestOrdersAPI" name="test_list_orders_returns_array_of_orders" time="0.128" /><testcase classname="tests.test_orders_api.TestOrdersAPI" name="test_create_order_returns_200" time="0.161" /><testcase classname="tests.test_orders_api.TestOrdersAPI" name="test_created_order_appears_in_list" time="0.184" /><testcase classname="tests.test_orders_api.TestOrdersAPI" name="test_get_single_order" time="0.144" /><testcase classname="tests.test_orders_api.TestOrdersAPI" name="test_orders_sorted_by_created_date_desc" time="0.126" /><testcase classname="tests.test_orders_api.TestOrdersAPI" name="test_orders_pagination" time="0.143" /><testcase classname="tests.test_orders_api.TestOrdersAPI" name="test_orders_search_filter" time="0.173"><failure message="AssertionError: Search should find order with customer name containing 'SearchUnique'&#10;assert False">tests/test_orders_api.py:308: in test_orders_search_filter
    assert found, f"Search should find order with customer name containing 'SearchUnique'"
E   AssertionError: Search should find order with customer name containing 'SearchUnique'
E   assert False</failure></testcase><testcase classname="tests.test_orders_api.TestOrdersReduxIntegration" name="test_create_order_and_immediate_list_refresh" time="0.181" /></testsuite></testsuites>