<?xml version="1.0" encoding="utf-8"?><testsuites name="pytest tests"><testsuite name="pytest" errors="0" failures="0" skipped="0" tests="10" time="2.184" timestamp="2026-03-17T11:47:19.446936+00:00" hostname="agent-env-cf233cb2-aac1-42c9-982a-10776f8a0556"><testcase classname="tests.test_bug_fixes.TestAuth" name="test_login_success" time="0.335" /><testcase classname="tests.test_bug_fixes.TestP0DayStartDoubleCounting" name="test_realtime_summary_date_16_03_2026" time="0.323" /><testcase classname="tests.test_bug_fixes.TestP0DayStartDoubleCounting" name="test_cash_orders_have_no_linked_receipts" time="0.116" /><testcase classname="tests.test_bug_fixes.TestP0DayStartDoubleCounting" name="test_customer_receipts_exclude_cash_order_payments" time="0.112" /><testcase classname="tests.test_bug_fixes.TestP0DayStartDoubleCounting" name="test_realtime_summary_date_13_03_2026" time="0.118" /><testcase classname="tests.test_bug_fixes.TestP1CustomerBalanceExcludePayToggle" name="test_customers_with_balance_api" time="0.311" /><testcase classname="tests.test_bug_fixes.TestP1CustomerBalanceExcludePayToggle" name="test_pay_toggle_payments_excluded" time="0.110" /><testcase classname="tests.test_bug_fixes.TestP2PaymentsDateFormat" name="test_payments_list_api" time="0.281" /><testcase classname="tests.test_bug_fixes.TestP2PaymentsDateFormat" name="test_payment_dates_are_valid" time="0.110" /><testcase classname="tests.test_bug_fixes.TestBackfillMigration" name="test_no_misclassified_cash_orders" time="0.307" /></testsuite></testsuites>