<?xml version="1.0" encoding="utf-8"?><testsuites name="pytest tests"><testsuite name="pytest" errors="0" failures="2" skipped="0" tests="10" time="1.809" timestamp="2026-02-25T18:02:14.770685+00:00" hostname="agent-env-f97636a2-5a05-4708-83b9-5af7a9636d5a"><testcase classname="backend.tests.test_realtime_ledger_posting.TestRealTimeLedgerPosting" name="test_create_order_posts_invoice_to_ledger" time="0.201" /><testcase classname="backend.tests.test_realtime_ledger_posting.TestRealTimeLedgerPosting" name="test_create_payment_posts_to_ledger" time="0.194" /><testcase classname="backend.tests.test_realtime_ledger_posting.TestRealTimeLedgerPosting" name="test_old_system_fields_unchanged" time="0.195"><failure message="AssertionError: Payment creation failed: {&quot;status&quot;:500,&quot;message&quot;:&quot;Order INV/2025-26/0004 is already marked as paid. Cannot accept additional payment.&quot;}&#10;assert 500 == 200&#10; +  where 500 = &lt;Response [500]&gt;.status_code">backend/tests/test_realtime_ledger_posting.py:297: in test_old_system_fields_unchanged
    assert payment_resp.status_code == 200, f"Payment creation failed: {payment_resp.text}"
E   AssertionError: Payment creation failed: {"status":500,"message":"Order INV/2025-26/0004 is already marked as paid. Cannot accept additional payment."}
E   assert 500 == 200
E    +  where 500 = &lt;Response [500]&gt;.status_code</failure></testcase><testcase classname="backend.tests.test_realtime_ledger_posting.TestRealTimeLedgerPosting" name="test_duplicate_prevention_for_invoice" time="0.163" /><testcase classname="backend.tests.test_realtime_ledger_posting.TestRealTimeLedgerPosting" name="test_health_check_balanced_after_operations" time="0.252" /><testcase classname="backend.tests.test_realtime_ledger_posting.TestRealTimeLedgerPosting" name="test_payment_status_flow" time="0.218"><failure message="assert 4000 == 2000">backend/tests/test_realtime_ledger_posting.py:507: in test_payment_status_flow
    assert order["paidAmount"] == 2000
E   assert 4000 == 2000</failure></testcase><testcase classname="backend.tests.test_realtime_ledger_posting.TestRealTimeLedgerPosting" name="test_non_customer_payment_skip_ledger" time="0.137" /><testcase classname="backend.tests.test_realtime_ledger_posting.TestRealTimeLedgerPosting" name="test_zero_amount_order_skips_ledger" time="0.092" /><testcase classname="backend.tests.test_realtime_ledger_posting.TestTransactionAtomicity" name="test_transaction_atomicity_concept" time="0.087" /><testcase classname="backend.tests.test_realtime_ledger_posting.TestLedgerLogging" name="test_logging_verification" time="0.149" /></testsuite></testsuites>