<?xml version="1.0" encoding="utf-8"?><testsuites name="pytest tests"><testsuite name="pytest" errors="0" failures="7" skipped="0" tests="10" time="1.123" timestamp="2026-02-25T18:01:22.902850+00:00" hostname="agent-env-f97636a2-5a05-4708-83b9-5af7a9636d5a"><testcase classname="backend.tests.test_realtime_ledger_posting.TestRealTimeLedgerPosting" name="test_create_order_posts_invoice_to_ledger" time="0.107"><failure message="AssertionError: Order creation failed: {&quot;status&quot;:400,&quot;message&quot;:&quot;\&quot;placeOfSupply\&quot; is not allowed&quot;}&#10;assert 400 == 200&#10; +  where 400 = &lt;Response [400]&gt;.status_code">backend/tests/test_realtime_ledger_posting.py:81: in test_create_order_posts_invoice_to_ledger
    assert create_resp.status_code == 200, f"Order creation failed: {create_resp.text}"
E   AssertionError: Order creation failed: {"status":400,"message":"\"placeOfSupply\" is not allowed"}
E   assert 400 == 200
E    +  where 400 = &lt;Response [400]&gt;.status_code</failure></testcase><testcase classname="backend.tests.test_realtime_ledger_posting.TestRealTimeLedgerPosting" name="test_create_payment_posts_to_ledger" time="0.095"><failure message="AssertionError: Order creation failed: {&quot;status&quot;:400,&quot;message&quot;:&quot;\&quot;placeOfSupply\&quot; is not allowed&quot;}&#10;assert 400 == 200&#10; +  where 400 = &lt;Response [400]&gt;.status_code">backend/tests/test_realtime_ledger_posting.py:173: in test_create_payment_posts_to_ledger
    assert create_order_resp.status_code == 200, f"Order creation failed: {create_order_resp.text}"
E   AssertionError: Order creation failed: {"status":400,"message":"\"placeOfSupply\" is not allowed"}
E   assert 400 == 200
E    +  where 400 = &lt;Response [400]&gt;.status_code</failure></testcase><testcase classname="backend.tests.test_realtime_ledger_posting.TestRealTimeLedgerPosting" name="test_old_system_fields_unchanged" time="0.092"><failure message="AssertionError: Order creation failed: {&quot;status&quot;:400,&quot;message&quot;:&quot;\&quot;placeOfSupply\&quot; is not allowed&quot;}&#10;assert 400 == 200&#10; +  where 400 = &lt;Response [400]&gt;.status_code">backend/tests/test_realtime_ledger_posting.py:270: in test_old_system_fields_unchanged
    assert create_resp.status_code == 200, f"Order creation failed: {create_resp.text}"
E   AssertionError: Order creation failed: {"status":400,"message":"\"placeOfSupply\" is not allowed"}
E   assert 400 == 200
E    +  where 400 = &lt;Response [400]&gt;.status_code</failure></testcase><testcase classname="backend.tests.test_realtime_ledger_posting.TestRealTimeLedgerPosting" name="test_duplicate_prevention_for_invoice" time="0.092"><failure message="assert 400 == 200&#10; +  where 400 = &lt;Response [400]&gt;.status_code">backend/tests/test_realtime_ledger_posting.py:349: in test_duplicate_prevention_for_invoice
    assert create_resp.status_code == 200
E   assert 400 == 200
E    +  where 400 = &lt;Response [400]&gt;.status_code</failure></testcase><testcase classname="backend.tests.test_realtime_ledger_posting.TestRealTimeLedgerPosting" name="test_health_check_balanced_after_operations" time="0.105"><failure message="KeyError: 'data'">backend/tests/test_realtime_ledger_posting.py:416: in test_health_check_balanced_after_operations
    order = order_resp.json()["data"]
            ^^^^^^^^^^^^^^^^^^^^^^^^^
E   KeyError: 'data'</failure></testcase><testcase classname="backend.tests.test_realtime_ledger_posting.TestRealTimeLedgerPosting" name="test_payment_status_flow" time="0.092"><failure message="assert 400 == 200&#10; +  where 400 = &lt;Response [400]&gt;.status_code">backend/tests/test_realtime_ledger_posting.py:486: in test_payment_status_flow
    assert create_resp.status_code == 200
E   assert 400 == 200
E    +  where 400 = &lt;Response [400]&gt;.status_code</failure></testcase><testcase classname="backend.tests.test_realtime_ledger_posting.TestRealTimeLedgerPosting" name="test_non_customer_payment_skip_ledger" time="0.129" /><testcase classname="backend.tests.test_realtime_ledger_posting.TestRealTimeLedgerPosting" name="test_zero_amount_order_skips_ledger" time="0.086" /><testcase classname="backend.tests.test_realtime_ledger_posting.TestTransactionAtomicity" name="test_transaction_atomicity_concept" time="0.083" /><testcase classname="backend.tests.test_realtime_ledger_posting.TestLedgerLogging" name="test_logging_verification" time="0.087"><failure message="assert 400 == 200&#10; +  where 400 = &lt;Response [400]&gt;.status_code">backend/tests/test_realtime_ledger_posting.py:698: in test_logging_verification
    assert resp.status_code == 200
E   assert 400 == 200
E    +  where 400 = &lt;Response [400]&gt;.status_code</failure></testcase></testsuite></testsuites>