<?xml version="1.0" encoding="utf-8"?><testsuites name="pytest tests"><testsuite name="pytest" errors="0" failures="0" skipped="0" tests="10" time="1.472" timestamp="2026-02-25T18:05:06.728963+00:00" hostname="agent-env-f97636a2-5a05-4708-83b9-5af7a9636d5a"><testcase classname="backend.tests.test_realtime_ledger_posting.TestRealTimeLedgerPosting" name="test_create_order_posts_invoice_to_ledger" time="0.171" /><testcase classname="backend.tests.test_realtime_ledger_posting.TestRealTimeLedgerPosting" name="test_create_payment_posts_to_ledger" time="0.187" /><testcase classname="backend.tests.test_realtime_ledger_posting.TestRealTimeLedgerPosting" name="test_old_system_fields_at_creation" time="0.132" /><testcase classname="backend.tests.test_realtime_ledger_posting.TestRealTimeLedgerPosting" name="test_duplicate_prevention_for_invoice" time="0.139" /><testcase classname="backend.tests.test_realtime_ledger_posting.TestRealTimeLedgerPosting" name="test_health_check_balanced_after_operations" time="0.169" /><testcase classname="backend.tests.test_realtime_ledger_posting.TestRealTimeLedgerPosting" name="test_payment_double_update_bug" time="0.168" /><testcase classname="backend.tests.test_realtime_ledger_posting.TestRealTimeLedgerPosting" name="test_non_customer_payment_skip_ledger" time="0.122" /><testcase classname="backend.tests.test_realtime_ledger_posting.TestRealTimeLedgerPosting" name="test_zero_amount_order_skips_ledger" time="0.087" /><testcase classname="backend.tests.test_realtime_ledger_posting.TestTransactionAtomicity" name="test_transaction_atomicity_concept" time="0.082" /><testcase classname="backend.tests.test_realtime_ledger_posting.TestLedgerLogging" name="test_logging_verification" time="0.123" /></testsuite></testsuites>