<?xml version="1.0" encoding="utf-8"?><testsuites name="pytest tests"><testsuite name="pytest" errors="0" failures="0" skipped="0" tests="8" time="1.821" timestamp="2026-02-10T17:20:41.942089+00:00" hostname="agent-env-c1288811-b82c-48e0-b871-cdf16fb510d2"><testcase classname="backend.tests.test_sales_total_bug.TestSalesTotalBugFix" name="test_01_unpaid_order_should_not_add_to_total_sales" time="0.302" /><testcase classname="backend.tests.test_sales_total_bug.TestSalesTotalBugFix" name="test_02_paid_order_should_add_to_total_sales" time="0.222" /><testcase classname="backend.tests.test_sales_total_bug.TestSalesTotalBugFix" name="test_03_toggle_unpaid_to_paid_should_add_to_total_sales" time="0.254" /><testcase classname="backend.tests.test_sales_total_bug.TestSalesTotalBugFix" name="test_04_toggle_paid_to_unpaid_should_subtract_from_total_sales" time="0.263" /><testcase classname="backend.tests.test_sales_total_bug.TestSalesTotalBugFix" name="test_05_delete_paid_order_should_subtract_from_total_sales" time="0.220" /><testcase classname="backend.tests.test_sales_total_bug.TestSalesTotalBugFix" name="test_06_delete_unpaid_order_should_not_affect_total_sales" time="0.214" /><testcase classname="backend.tests.test_sales_total_bug.TestDayStartPageCalculations" name="test_07_today_summary_api_returns_correct_structure" time="0.125" /><testcase classname="backend.tests.test_sales_total_bug.TestDayStartPageCalculations" name="test_08_cash_sales_calculation" time="0.143" /></testsuite></testsuites>