<?xml version="1.0" encoding="utf-8"?><testsuites name="pytest tests"><testsuite name="pytest" errors="0" failures="0" skipped="0" tests="12" time="5.976" timestamp="2026-03-13T15:55:22.923206+00:00" hostname="agent-env-f88b1844-59bc-43b7-97fb-ff34d7049bf3"><testcase classname="backend.tests.test_tally_receipt_allocation.TestAuth" name="test_login_success" time="0.238" /><testcase classname="backend.tests.test_tally_receipt_allocation.TestCustomerBalances" name="test_customers_with_balance_endpoint" time="0.143" /><testcase classname="backend.tests.test_tally_receipt_allocation.TestCustomerBalances" name="test_customer_transactions_endpoint" time="0.150" /><testcase classname="backend.tests.test_tally_receipt_allocation.TestReceiptAllocation" name="test_allocate_receipt_success" time="0.773" /><testcase classname="backend.tests.test_tally_receipt_allocation.TestOverAllocationPrevention" name="test_over_allocation_payment_amount_exceeded" time="0.558" /><testcase classname="backend.tests.test_tally_receipt_allocation.TestOverAllocationPrevention" name="test_over_allocation_invoice_amount_exceeded" time="0.563" /><testcase classname="backend.tests.test_tally_receipt_allocation.TestInvoiceImmutability" name="test_reject_direct_paid_amount_change" time="0.420" /><testcase classname="backend.tests.test_tally_receipt_allocation.TestInvoiceImmutability" name="test_reject_direct_due_amount_change" time="0.368" /><testcase classname="backend.tests.test_tally_receipt_allocation.TestInvoiceImmutability" name="test_reject_direct_payment_status_change" time="0.504" /><testcase classname="backend.tests.test_tally_receipt_allocation.TestOnAccountPayment" name="test_payment_without_reference_stays_unallocated" time="0.724" /><testcase classname="backend.tests.test_tally_receipt_allocation.TestGetPaymentAllocations" name="test_get_payment_allocations" time="0.745" /><testcase classname="backend.tests.test_tally_receipt_allocation.TestInvoiceAllocations" name="test_get_invoice_allocations" time="0.736" /></testsuite></testsuites>